#
# A fatal error has been detected by the Java Runtime Environment:
#
#  Internal Error (javaClasses.cpp:129), pid=6556, tid=6364
#  fatal error: Invalid layout of preloaded class
#
# JRE version: 7.0_11-b21
# Java VM: Java HotSpot(TM) 64-Bit Server VM (23.6-b04 mixed mode windows-amd64 compressed oops)
# Failed to write core dump. Minidumps are not enabled by default on client versions of Windows
#
# If you would like to submit a bug report, please visit:
#   http://bugreport.sun.com/bugreport/crash.jsp
#

---------------  T H R E A D  ---------------

Current thread (0x00000000023fc800):  JavaThread "Unknown thread" [_thread_in_vm, id=6364, stack(0x00000000026b0000,0x00000000027b0000)]

Stack: [0x00000000026b0000,0x00000000027b0000]

---------------  P R O C E S S  ---------------

Java Threads: ( => current thread )

Other Threads:

=>0x00000000023fc800 (exited) JavaThread "Unknown thread" [_thread_in_vm, id=6364, stack(0x00000000026b0000,0x00000000027b0000)]

VM state:not at safepoint (not fully initialized)

VM Mutex/Monitor currently owned by a thread: None

GC Heap History (0 events):
No events

Deoptimization events (0 events):
No events

Internal exceptions (0 events):
No events

Events (10 events):
Event: 0.008 loading class 0x00000000022bff00 done
Event: 0.009 loading class 0x0000000002282290 done
Event: 0.009 loading class 0x0000000002282260
Event: 0.009 loading class 0x0000000002310850
Event: 0.009 loading class 0x0000000002310850 done
Event: 0.009 loading class 0x0000000002310890
Event: 0.009 loading class 0x0000000002310890 done
Event: 0.009 loading class 0x000000000afe0810
Event: 0.009 loading class 0x000000000afe0810 done
Event: 0.009 loading class 0x0000000002282260 done


Dynamic libraries:
0x000000013ff50000 - 0x000000013ff83000 	D:\java\jdk7\bin\javaw.exe
0x0000000077a80000 - 0x0000000077c29000 	C:\Windows\SYSTEM32\ntdll.dll
0x0000000072a30000 - 0x0000000072a7d000 	C:\Program Files\AVAST Software\Avast\snxhk64.dll
0x0000000077960000 - 0x0000000077a7f000 	C:\Windows\system32\KERNEL32.dll
0x000007fefd960000 - 0x000007fefd9cb000 	C:\Windows\system32\KERNELBASE.dll
0x000007feff260000 - 0x000007feff33b000 	C:\Windows\system32\ADVAPI32.dll
0x000007feffb50000 - 0x000007feffbef000 	C:\Windows\system32\msvcrt.dll
0x000007fefe120000 - 0x000007fefe13f000 	C:\Windows\SYSTEM32\sechost.dll
0x000007feff620000 - 0x000007feff74d000 	C:\Windows\system32\RPCRT4.dll
0x0000000077860000 - 0x000000007795a000 	C:\Windows\system32\USER32.dll
0x000007feff750000 - 0x000007feff7b7000 	C:\Windows\system32\GDI32.dll
0x000007feff820000 - 0x000007feff82e000 	C:\Windows\system32\LPK.dll
0x000007feffc20000 - 0x000007feffce9000 	C:\Windows\system32\USP10.dll
0x000007fefc380000 - 0x000007fefc574000 	C:\Windows\WinSxS\amd64_microsoft.windows.common-controls_6595b64144ccf1df_6.0.7601.17514_none_fa396087175ac9ac\COMCTL32.dll
0x000007fefddb0000 - 0x000007fefde21000 	C:\Windows\system32\SHLWAPI.dll
0x000007feffbf0000 - 0x000007feffc1e000 	C:\Windows\system32\IMM32.DLL
0x000007feff830000 - 0x000007feff939000 	C:\Windows\system32\MSCTF.dll
0x000000006b870000 - 0x000000006b941000 	D:\java\jdk7\jre\bin\msvcr100.dll
0x0000000065cf0000 - 0x000000006640f000 	D:\java\jdk7\jre\bin\server\jvm.dll
0x000007fef29a0000 - 0x000007fef29a9000 	C:\Windows\system32\WSOCK32.dll
0x000007feff340000 - 0x000007feff38d000 	C:\Windows\system32\WS2_32.dll
0x000007fefde30000 - 0x000007fefde38000 	C:\Windows\system32\NSI.dll
0x000007fef9f40000 - 0x000007fef9f7b000 	C:\Windows\system32\WINMM.dll
0x0000000077c40000 - 0x0000000077c47000 	C:\Windows\system32\PSAPI.DLL
0x0000000074ab0000 - 0x0000000074abf000 	D:\java\jdk7\jre\bin\verify.dll
0x0000000073700000 - 0x0000000073728000 	D:\java\jdk7\jre\bin\java.dll
0x0000000074700000 - 0x0000000074715000 	D:\java\jdk7\jre\bin\zip.dll

VM Arguments:
jvm_args: -Dfile.encoding=Cp1252 -Xbootclasspath:C:\Users\user\android-sdks\platforms\android-18\android.jar 
java_command: com.example.first_app.MainActivity
Launcher Type: SUN_STANDARD

Environment Variables:
PATH=D:/java/jdk7/jre/bin/server;D:/java/jdk7/jre/bin;D:/java/jdk7/jre/lib/amd64;C:\Program Files\Common Files\Microsoft Shared\Windows Live;C:\Program Files (x86)\Common Files\Microsoft Shared\Windows Live;C:\Program Files (x86)\Intel\iCLS Client\;C:\Program Files\Intel\iCLS Client\;C:\Windows\system32;C:\Windows;C:\Windows\System32\Wbem;C:\Windows\System32\WindowsPowerShell\v1.0\;C:\Program Files\Intel\Intel(R) Management Engine Components\DAL;C:\Program Files\Intel\Intel(R) Management Engine Components\IPT;C:\Program Files (x86)\Intel\Intel(R) Management Engine Components\DAL;C:\Program Files (x86)\Intel\Intel(R) Management Engine Components\IPT;C:\Program Files\Microsoft\Web Platform Installer\;C:\Program Files (x86)\Microsoft ASP.NET\ASP.NET Web Pages\v1.0\;C:\Program Files (x86)\Windows Kits\8.0\Windows Performance Toolkit\;C:\Program Files\Microsoft SQL Server\110\Tools\Binn\;C:\Program Files (x86)\Windows Live\Shared;C:\Program Files (x86)\Intel\OpenCL SDK\2.0\bin\x86;C:\Program Files (x86)\Intel\OpenCL SDK\2.0\bin\x64;D:\Python27;C:\Windows\System32\java\bin;;D:\eclipse;
USERNAME=user
OS=Windows_NT
PROCESSOR_IDENTIFIER=Intel64 Family 6 Model 58 Stepping 9, GenuineIntel



---------------  S Y S T E M  ---------------

OS: Windows 7 , 64 bit Build 7601 Service Pack 1

CPU:total 4 (2 cores per cpu, 2 threads per core) family 6 model 58 stepping 9, cmov, cx8, fxsr, mmx, sse, sse2, sse3, ssse3, sse4.1, sse4.2, popcnt, avx, ht, tsc, tscinvbit, tscinv

Memory: 4k page, physical 7549380k(4902624k free), swap 15096900k(11705600k free)

vm_info: Java HotSpot(TM) 64-Bit Server VM (23.6-b04) for windows-amd64 JRE (1.7.0_11-b21), built on Jan 12 2013 02:38:42 by "java_re" with unknown MS VC++:1600

time: Wed Jul 31 17:52:41 2013
elapsed time: 0 seconds

